<?xml version="1.0" encoding="UTF-8"?>
<!-- Generated by org.testng.reporters.JUnitReportReporter -->
<testsuite hostname="DESKTOP-CT03M69" failures="0" tests="1" name="com.amazon.qa.testcases.TC_03VerifyHelpLink" time="13.681" errors="0" timestamp="2022-11-06T11:52:40 IST" skipped="0">
  <testcase classname="com.amazon.qa.testcases.TC_03VerifyHelpLink" name="verifyVerifyHelpLink" time="13.681"/>
  <system-out/>
</testsuite> <!-- com.amazon.qa.testcases.TC_03VerifyHelpLink -->
