<?xml version="1.0" encoding="UTF-8"?>
<!-- Generated by org.testng.reporters.JUnitReportReporter -->
<testsuite hostname="DESKTOP-CT03M69" failures="0" tests="1" name="com.amazon.qa.testcases.TC_04PrvateNoticeLink" time="13.600" errors="0" timestamp="2022-11-06T11:46:32 IST" skipped="0">
  <testcase classname="com.amazon.qa.testcases.TC_04PrvateNoticeLink" name="verifyPrivateNoticeLink" time="13.600"/>
  <system-out/>
</testsuite> <!-- com.amazon.qa.testcases.TC_04PrvateNoticeLink -->
