<?xml version="1.0" encoding="UTF-8"?>
<!-- Generated by org.testng.reporters.JUnitReportReporter -->
<testsuite hostname="DESKTOP-CT03M69" failures="0" tests="1" name="com.amazon.qa.testcases.TC_05LogoutFunctionality" time="24.869" errors="0" timestamp="2022-11-06T12:41:15 IST" skipped="0">
  <testcase classname="com.amazon.qa.testcases.TC_05LogoutFunctionality" name="VarifyLogoutFuntionality" time="24.869"/>
  <system-out/>
</testsuite> <!-- com.amazon.qa.testcases.TC_05LogoutFunctionality -->
