<?xml version="1.0" encoding="UTF-8"?>
<!-- Generated by org.testng.reporters.JUnitReportReporter -->
<testsuite hostname="DESKTOP-CT03M69" failures="0" tests="1" name="com.amazon.qa.testcases.TC_02VerifyConditionsOfUseLink" time="14.459" errors="0" timestamp="2022-11-06T11:29:42 IST" skipped="0">
  <testcase classname="com.amazon.qa.testcases.TC_02VerifyConditionsOfUseLink" name="verifyConditionsOfUseLink" time="14.459"/>
  <system-out/>
</testsuite> <!-- com.amazon.qa.testcases.TC_02VerifyConditionsOfUseLink -->
